<?xml version="1.0" encoding="UTF-8"?>
<!-- Generated by org.testng.reporters.JUnitXMLReporter -->
<testsuite ignored="0" hostname="DESKTOP-I2L0ULI" failures="1" tests="4" name="Test" time="30.352" errors="0" timestamp="2024-01-24T16:59:11 IST">
  <testcase classname="firstclass.TestTwo" name="testTwo" time="11.159"/>
  <testcase classname="firstclass.TestThree" name="testThree" time="7.822"/>
  <testcase classname="firstclass.LoginTest" name="login" time="1.568"/>
  <testcase classname="firstclass.LoginTest" name="login" time="1.561">
    <failure type="java.lang.AssertionError" message="expected [Failure] but found [Success]">
      <![CDATA[java.lang.AssertionError: expected [Failure] but found [Success]
at firstclass.LoginTest.login(LoginTest.java:50)
at java.base/java.util.ArrayList.forEach(ArrayList.java:1596)
... Removed 35 stack frames]]>
    </failure>
  </testcase> <!-- login -->
</testsuite> <!-- Test -->
